Build started 4/3/2015 11:58:43 PM.
     1>Project "C:\Users\Steven\Documents\Visual Studio 2012\Projects\cs142Lab10RealEstate\Lab10\Lab10.vcxproj" on node 2 (Build target(s)).
     1>ClCompile:
         C:\Program Files (x86)\Microsoft Visual Studio 11.0\VC\bin\CL.exe /c /ZI /nologo /W3 /WX- /Od /Oy- /D _MBCS /Gm /EHsc /RTC1 /MDd /GS /fp:precise /Zc:wchar_t /Zc:forScope /Fo"Debug\\" /Fd"Debug\vc110.pdb" /Gd /TP /analyze- /errorReport:prompt Commercial.cpp Main.cpp Property.cpp Residential.cpp
         Commercial.cpp
         Generating Code...
         Compiling...
         Residential.cpp
         Property.cpp
         Main.cpp
     1>c:\users\steven\documents\visual studio 2012\projects\cs142lab10realestate\lab10\main.cpp(262): warning C4018: '<' : signed/unsigned mismatch
         Generating Code...
       Link:
         C:\Program Files (x86)\Microsoft Visual Studio 11.0\VC\bin\link.exe /ERRORREPORT:PROMPT /OUT:"C:\Users\Steven\Documents\Visual Studio 2012\Projects\cs142Lab10RealEstate\Debug\Lab10.exe" /INCREMENTAL /NOLOGO kernel32.lib user32.lib gdi32.lib winspool.lib comdlg32.lib advapi32.lib shell32.lib ole32.lib oleaut32.lib uuid.lib odbc32.lib odbccp32.lib /MANIFEST /MANIFESTUAC:"level='asInvoker' uiAccess='false'" /manifest:embed /DEBUG /PDB:"C:\Users\Steven\Documents\Visual Studio 2012\Projects\cs142Lab10RealEstate\Debug\Lab10.pdb" /TLBID:1 /DYNAMICBASE /NXCOMPAT /IMPLIB:"C:\Users\Steven\Documents\Visual Studio 2012\Projects\cs142Lab10RealEstate\Debug\Lab10.lib" /MACHINE:X86 Debug\Commercial.obj
         Debug\Main.obj
         Debug\Property.obj
         Debug\Residential.obj
         Lab10.vcxproj -> C:\Users\Steven\Documents\Visual Studio 2012\Projects\cs142Lab10RealEstate\Debug\Lab10.exe
     1>Done Building Project "C:\Users\Steven\Documents\Visual Studio 2012\Projects\cs142Lab10RealEstate\Lab10\Lab10.vcxproj" (Build target(s)).

Build succeeded.

Time Elapsed 00:00:08.66
